<?xml version="1.0" encoding="UTF-8"?>
<testng-results skipped="0" failed="0" ignored="0" total="1" passed="1">
  <reporter-output>
  </reporter-output>
  <suite name="Suite One" duration-ms="8230" started-at="2018-11-17T22:46:39Z" finished-at="2018-11-17T22:46:47Z">
    <groups>
    </groups>
    <test name="Test One" duration-ms="8230" started-at="2018-11-17T22:46:39Z" finished-at="2018-11-17T22:46:47Z">
      <class name="MinWang.minwangTestNGMavenGit.GoogleHomePageTest">
        <test-method status="PASS" signature="testSetUp()[pri:0, instance:MinWang.minwangTestNGMavenGit.GoogleHomePageTest@ae45eb6]" name="testSetUp" is-config="true" duration-ms="4417" started-at="2018-11-17T22:46:39Z" finished-at="2018-11-17T22:46:43Z">
          <reporter-output>
          </reporter-output>
        </test-method> <!-- testSetUp -->
        <test-method status="PASS" signature="verifyGooglePageTittle()[pri:0, instance:MinWang.minwangTestNGMavenGit.GoogleHomePageTest@ae45eb6]" name="verifyGooglePageTittle" duration-ms="1976" started-at="2018-11-17T22:46:43Z" finished-at="2018-11-17T22:46:45Z">
          <reporter-output>
          </reporter-output>
        </test-method> <!-- verifyGooglePageTittle -->
        <test-method status="PASS" signature="tearDown()[pri:0, instance:MinWang.minwangTestNGMavenGit.GoogleHomePageTest@ae45eb6]" name="tearDown" is-config="true" duration-ms="1813" started-at="2018-11-17T22:46:45Z" finished-at="2018-11-17T22:46:47Z">
          <reporter-output>
          </reporter-output>
        </test-method> <!-- tearDown -->
      </class> <!-- MinWang.minwangTestNGMavenGit.GoogleHomePageTest -->
    </test> <!-- Test One -->
  </suite> <!-- Suite One -->
</testng-results>
